[  0%] Built target geometry_msgs_generate_messages_nodejs
[  0%] Built target geometry_msgs_generate_messages_lisp
[  0%] Built target std_msgs_generate_messages_nodejs
[  0%] Built target std_msgs_generate_messages_py
[  0%] Built target geometry_msgs_generate_messages_py
[  0%] Built target std_msgs_generate_messages_cpp
[  0%] Built target std_msgs_generate_messages_eus
[  0%] Built target geometry_msgs_generate_messages_cpp
[  0%] Built target geometry_msgs_generate_messages_eus
[  0%] Built target std_msgs_generate_messages_lisp
[  0%] Built target _ur5e_scene_generate_messages_check_deps_BallTrajectory
[ 42%] [34m[1mGenerating EusLisp code from ur5e_scene/BallTrajectory.msg[0m
[ 42%] [34m[1mGenerating Javascript code from ur5e_scene/BallTrajectory.msg[0m
[ 42%] [34m[1mGenerating Python from MSG ur5e_scene/BallTrajectory[0m
[ 71%] [34m[1mGenerating EusLisp manifest code for ur5e_scene[0m
[ 71%] [34m[1mGenerating C++ code from ur5e_scene/BallTrajectory.msg[0m
[ 85%] [34m[1mGenerating Lisp code from ur5e_scene/BallTrajectory.msg[0m
[ 85%] Built target ur5e_scene_generate_messages_lisp
[ 85%] Built target ur5e_scene_generate_messages_nodejs
[ 85%] Built target ur5e_scene_generate_messages_cpp
[100%] [34m[1mGenerating Python msg __init__.py for ur5e_scene[0m
[100%] Built target ur5e_scene_generate_messages_py
[100%] Built target ur5e_scene_generate_messages_eus
[100%] Built target ur5e_scene_generate_messages
