[36m--[0m Using CATKIN_DEVEL_PREFIX: /home/project26-group4/ros/devel/.private/ur5e_scene
[36m--[0m Using CMAKE_PREFIX_PATH: /home/project26-group4/ros/devel;/opt/ros/cu;/opt/ros/one
[36m--[0m This workspace overlays: /home/project26-group4/ros/devel;/opt/ros/cu;/opt/ros/one
[36m--[0m Using PYTHON_EXECUTABLE: /usr/bin/python3
[36m--[0m Using Debian Python package layout
[36m--[0m Using empy: /usr/bin/empy
[36m--[0m Using CATKIN_ENABLE_TESTING: ON
[36m--[0m Call enable_testing()
[36m--[0m Using CATKIN_TEST_RESULTS_DIR: /home/project26-group4/ros/build/ur5e_scene/test_results
[36m--[0m GTest is available
[36m--[0m GMock is available
[36m--[0m Using Python nosetests: /usr/bin/nosetests3
[36m--[0m catkin 0.8.10
[36m--[0m BUILD_SHARED_LIBS is on
[36m--[0m Using these message generators: gencpp;geneus;genlisp;gennodejs;genpy
[36m--[0m Could NOT find visualiszation_msgs (missing: visualiszation_msgs_DIR)
[36m--[0m Could not find the required component 'visualiszation_msgs'. The following CMake error indicates that you either need to install the package with the same name or change your environment so that it can be found.
[31mCMake Error at /usr/share/catkin/cmake/catkinConfig.cmake:82 (find_package):
  Could not find a package configuration file provided by
  "visualiszation_msgs" with any of the following names:

    visualiszation_msgsConfig.cmake
    visualiszation_msgs-config.cmake

  Add the installation prefix of "visualiszation_msgs" to CMAKE_PREFIX_PATH
  or set "visualiszation_msgs_DIR" to a directory containing one of the above
  files.  If "visualiszation_msgs" provides a separate development package or
  SDK, be sure it has been installed.
[36mCall Stack (most recent call first):[0m
  CMakeLists.txt:10 (find_package)

[0m
[36m--[0m Configuring incomplete, errors occurred!
See also "/home/project26-group4/ros/build/ur5e_scene/CMakeFiles/CMakeOutput.log".
make: *** [Makefile:1262: cmake_check_build_system] Error 1
